
obj/c/mailbox.o:     file format elf32-littlearm


Disassembly of section .text:

00000000 <mbox_call>:
   0:	e3a0ca0b 	mov	ip, #45056	; 0xb000
   4:	e343cf00 	movt	ip, #16128	; 0x3f00
   8:	e92d4010 	push	{r4, lr}
   c:	e320f000 	nop	{0}
  10:	e59c38e0 	ldr	r3, [ip, #2272]	; 0x8e0
  14:	e3530000 	cmp	r3, #0
  18:	bafffffb 	blt	c <mbox_call+0xc>
  1c:	e3c0300f 	bic	r3, r0, #15
  20:	e201400f 	and	r4, r1, #15
  24:	e3a02a0b 	mov	r2, #45056	; 0xb000
  28:	e3432f00 	movt	r2, #16128	; 0x3f00
  2c:	e1a0e003 	mov	lr, r3
  30:	e18e3004 	orr	r3, lr, r4
  34:	e58c3900 	str	r3, [ip, #2304]	; 0x900
  38:	e320f000 	nop	{0}
  3c:	e59238e0 	ldr	r3, [r2, #2272]	; 0x8e0
  40:	e3130101 	tst	r3, #1073741824	; 0x40000000
  44:	1afffffb 	bne	38 <mbox_call+0x38>
  48:	e5923880 	ldr	r3, [r2, #2176]	; 0x880
  4c:	e203c00f 	and	ip, r3, #15
  50:	e15c0001 	cmp	ip, r1
  54:	1afffff7 	bne	38 <mbox_call+0x38>
  58:	e3c3300f 	bic	r3, r3, #15
  5c:	e1500003 	cmp	r0, r3
  60:	1afffff4 	bne	38 <mbox_call+0x38>
  64:	e5900004 	ldr	r0, [r0, #4]
  68:	e2400102 	sub	r0, r0, #-2147483648	; 0x80000000
  6c:	e16f0f10 	clz	r0, r0
  70:	e1a002a0 	lsr	r0, r0, #5
  74:	e8bd8010 	pop	{r4, pc}

Disassembly of section .comment:

00000000 <.comment>:
   0:	43434700 	movtmi	r4, #14080	; 0x3700
   4:	4728203a 			; <UNDEFINED> instruction: 0x4728203a
   8:	5420554e 	strtpl	r5, [r0], #-1358	; 0xfffffab2
   c:	736c6f6f 	cmnvc	ip, #444	; 0x1bc
  10:	726f6620 	rsbvc	r6, pc, #32, 12	; 0x2000000
  14:	6d724120 	ldfvse	f4, [r2, #-128]!	; 0xffffff80
  18:	626d4520 	rsbvs	r4, sp, #32, 10	; 0x8000000
  1c:	65646465 	strbvs	r6, [r4, #-1125]!	; 0xfffffb9b
  20:	72502064 	subsvc	r2, r0, #100	; 0x64
  24:	7365636f 	cmnvc	r5, #-1140850687	; 0xbc000001
  28:	73726f73 	cmnvc	r2, #460	; 0x1cc
  2c:	322d3720 	eorcc	r3, sp, #32, 14	; 0x800000
  30:	2d373130 	ldfcss	f3, [r7, #-192]!	; 0xffffff40
  34:	6d2d3471 	cfstrsvs	mvf3, [sp, #-452]!	; 0xfffffe3c
  38:	726f6a61 	rsbvc	r6, pc, #397312	; 0x61000
  3c:	2e372029 	cdpcs	0, 3, cr2, cr7, cr9, {1}
  40:	20312e32 	eorscs	r2, r1, r2, lsr lr
  44:	37313032 			; <UNDEFINED> instruction: 0x37313032
  48:	34303930 	ldrtcc	r3, [r0], #-2352	; 0xfffff6d0
  4c:	65722820 	ldrbvs	r2, [r2, #-2080]!	; 0xfffff7e0
  50:	7361656c 	cmnvc	r1, #108, 10	; 0x1b000000
  54:	5b202965 	blpl	80a5f0 <mbox_call+0x80a5f0>
  58:	2f4d5241 	svccs	0x004d5241
  5c:	65626d65 	strbvs	r6, [r2, #-3429]!	; 0xfffff29b
  60:	64656464 	strbtvs	r6, [r5], #-1124	; 0xfffffb9c
  64:	622d372d 	eorvs	r3, sp, #11796480	; 0xb40000
  68:	636e6172 	cmnvs	lr, #-2147483620	; 0x8000001c
  6c:	65722068 	ldrbvs	r2, [r2, #-104]!	; 0xffffff98
  70:	69736976 	ldmdbvs	r3!, {r1, r2, r4, r5, r6, r8, fp, sp, lr}^
  74:	32206e6f 	eorcc	r6, r0, #1776	; 0x6f0
  78:	30323535 	eorscc	r3, r2, r5, lsr r5
  7c:	Address 0x000000000000007c is out of bounds.


Disassembly of section .ARM.attributes:

00000000 <.ARM.attributes>:
   0:	00003941 	andeq	r3, r0, r1, asr #18
   4:	61656100 	cmnvs	r5, r0, lsl #2
   8:	01006962 	tsteq	r0, r2, ror #18
   c:	0000002f 	andeq	r0, r0, pc, lsr #32
  10:	726f4305 	rsbvc	r4, pc, #335544320	; 0x14000000
  14:	2d786574 	cfldr64cs	mvdx6, [r8, #-464]!	; 0xfffffe30
  18:	00333541 	eorseq	r3, r3, r1, asr #10
  1c:	41070e06 	tstmi	r7, r6, lsl #28
  20:	02090108 	andeq	r0, r9, #8, 2
  24:	01140412 	tsteq	r4, r2, lsl r4
  28:	03170115 	tsteq	r7, #1073741829	; 0x40000005
  2c:	01190118 	tsteq	r9, r8, lsl r1
  30:	021e011a 	andseq	r0, lr, #-2147483642	; 0x80000006
  34:	012a0122 			; <UNDEFINED> instruction: 0x012a0122
  38:	Address 0x0000000000000038 is out of bounds.

